Analysis & Synthesis report for trisc2
Fri Apr 29 15:01:53 2022
Quartus Prime Version 20.1.1 Build 720 11/11/2020 SJ Lite Edition


---------------------
; Table of Contents ;
---------------------
  1. Legal Notice
  2. Analysis & Synthesis Summary
  3. Analysis & Synthesis Settings
  4. Parallel Compilation
  5. Analysis & Synthesis Source Files Read
  6. Analysis & Synthesis Resource Usage Summary
  7. Analysis & Synthesis Resource Utilization by Entity
  8. Analysis & Synthesis RAM Summary
  9. State Machine - |trisc2|controllerTester:controllerTester_inst|controller:comb_4|state
 10. User-Specified and Inferred Latches
 11. Registers Removed During Synthesis
 12. General Register Statistics
 13. Multiplexer Restructuring Statistics (Restructuring Performed)
 14. Source assignments for Lab11RAM:RAM|altsyncram:altsyncram_component|altsyncram_ene1:auto_generated
 15. Parameter Settings for User Entity Instance: OnOffToggle:DivideX2
 16. Parameter Settings for User Entity Instance: BinUp:AddressGen
 17. Parameter Settings for User Entity Instance: Lab11RAM:RAM|altsyncram:altsyncram_component
 18. Parameter Settings for User Entity Instance: pInPOut:IR
 19. Parameter Settings for User Entity Instance: controllerTester:controllerTester_inst|controller:comb_4
 20. Parameter Settings for User Entity Instance: accumulator:accumulator_inst|twoToOne:comb_3
 21. Parameter Settings for User Entity Instance: accumulator:accumulator_inst|binaryCounter:comb_4
 22. Parameter Settings for User Entity Instance: pInPOut:pInPOut_inst
 23. Parameter Settings for User Entity Instance: binaryCounter:binaryCounter_inst
 24. altsyncram Parameter Settings by Entity Instance
 25. Port Connectivity Checks: "pInPOut:pInPOut_inst"
 26. Port Connectivity Checks: "alu:alu_inst"
 27. Port Connectivity Checks: "pInPOut:IR"
 28. Port Connectivity Checks: "BinUp:AddressGen"
 29. Port Connectivity Checks: "OnOffToggle:DivideX2"
 30. Post-Synthesis Netlist Statistics for Top Partition
 31. Elapsed Time Per Partition
 32. Analysis & Synthesis Messages
 33. Analysis & Synthesis Suppressed Messages



----------------
; Legal Notice ;
----------------
Copyright (C) 2020  Intel Corporation. All rights reserved.
Your use of Intel Corporation's design tools, logic functions 
and other software and tools, and any partner logic 
functions, and any output files from any of the foregoing 
(including device programming or simulation files), and any 
associated documentation or information are expressly subject 
to the terms and conditions of the Intel Program License 
Subscription Agreement, the Intel Quartus Prime License Agreement,
the Intel FPGA IP License Agreement, or other applicable license
agreement, including, without limitation, that your use is for
the sole purpose of programming logic devices manufactured by
Intel and sold by Intel or its authorized distributors.  Please
refer to the applicable agreement for further details, at
https://fpgasoftware.intel.com/eula.



+----------------------------------------------------------------------------------+
; Analysis & Synthesis Summary                                                     ;
+------------------------------------+---------------------------------------------+
; Analysis & Synthesis Status        ; Successful - Fri Apr 29 15:01:53 2022       ;
; Quartus Prime Version              ; 20.1.1 Build 720 11/11/2020 SJ Lite Edition ;
; Revision Name                      ; trisc2                                      ;
; Top-level Entity Name              ; trisc2                                      ;
; Family                             ; MAX 10                                      ;
; Total logic elements               ; 176                                         ;
;     Total combinational functions  ; 171                                         ;
;     Dedicated logic registers      ; 41                                          ;
; Total registers                    ; 41                                          ;
; Total pins                         ; 70                                          ;
; Total virtual pins                 ; 0                                           ;
; Total memory bits                  ; 128                                         ;
; Embedded Multiplier 9-bit elements ; 0                                           ;
; Total PLLs                         ; 0                                           ;
; UFM blocks                         ; 0                                           ;
; ADC blocks                         ; 0                                           ;
+------------------------------------+---------------------------------------------+


+------------------------------------------------------------------------------------------------------------+
; Analysis & Synthesis Settings                                                                              ;
+------------------------------------------------------------------+--------------------+--------------------+
; Option                                                           ; Setting            ; Default Value      ;
+------------------------------------------------------------------+--------------------+--------------------+
; Device                                                           ; 10M50DCF484C7G     ;                    ;
; Top-level entity name                                            ; trisc2             ; trisc2             ;
; Family name                                                      ; MAX 10             ; Cyclone V          ;
; Use smart compilation                                            ; Off                ; Off                ;
; Enable parallel Assembler and Timing Analyzer during compilation ; On                 ; On                 ;
; Enable compact report table                                      ; Off                ; Off                ;
; Restructure Multiplexers                                         ; Auto               ; Auto               ;
; Create Debugging Nodes for IP Cores                              ; Off                ; Off                ;
; Preserve fewer node names                                        ; On                 ; On                 ;
; Intel FPGA IP Evaluation Mode                                    ; Enable             ; Enable             ;
; Verilog Version                                                  ; Verilog_2001       ; Verilog_2001       ;
; VHDL Version                                                     ; VHDL_1993          ; VHDL_1993          ;
; State Machine Processing                                         ; Auto               ; Auto               ;
; Safe State Machine                                               ; Off                ; Off                ;
; Extract Verilog State Machines                                   ; On                 ; On                 ;
; Extract VHDL State Machines                                      ; On                 ; On                 ;
; Ignore Verilog initial constructs                                ; Off                ; Off                ;
; Iteration limit for constant Verilog loops                       ; 5000               ; 5000               ;
; Iteration limit for non-constant Verilog loops                   ; 250                ; 250                ;
; Add Pass-Through Logic to Inferred RAMs                          ; On                 ; On                 ;
; Infer RAMs from Raw Logic                                        ; On                 ; On                 ;
; Parallel Synthesis                                               ; On                 ; On                 ;
; DSP Block Balancing                                              ; Auto               ; Auto               ;
; NOT Gate Push-Back                                               ; On                 ; On                 ;
; Power-Up Don't Care                                              ; On                 ; On                 ;
; Remove Redundant Logic Cells                                     ; Off                ; Off                ;
; Remove Duplicate Registers                                       ; On                 ; On                 ;
; Ignore CARRY Buffers                                             ; Off                ; Off                ;
; Ignore CASCADE Buffers                                           ; Off                ; Off                ;
; Ignore GLOBAL Buffers                                            ; Off                ; Off                ;
; Ignore ROW GLOBAL Buffers                                        ; Off                ; Off                ;
; Ignore LCELL Buffers                                             ; Off                ; Off                ;
; Ignore SOFT Buffers                                              ; On                 ; On                 ;
; Limit AHDL Integers to 32 Bits                                   ; Off                ; Off                ;
; Optimization Technique                                           ; Balanced           ; Balanced           ;
; Carry Chain Length                                               ; 70                 ; 70                 ;
; Auto Carry Chains                                                ; On                 ; On                 ;
; Auto Open-Drain Pins                                             ; On                 ; On                 ;
; Perform WYSIWYG Primitive Resynthesis                            ; Off                ; Off                ;
; Auto ROM Replacement                                             ; On                 ; On                 ;
; Auto RAM Replacement                                             ; On                 ; On                 ;
; Auto DSP Block Replacement                                       ; On                 ; On                 ;
; Auto Shift Register Replacement                                  ; Auto               ; Auto               ;
; Allow Shift Register Merging across Hierarchies                  ; Auto               ; Auto               ;
; Auto Clock Enable Replacement                                    ; On                 ; On                 ;
; Strict RAM Replacement                                           ; Off                ; Off                ;
; Allow Synchronous Control Signals                                ; On                 ; On                 ;
; Force Use of Synchronous Clear Signals                           ; Off                ; Off                ;
; Auto RAM Block Balancing                                         ; On                 ; On                 ;
; Auto RAM to Logic Cell Conversion                                ; Off                ; Off                ;
; Auto Resource Sharing                                            ; Off                ; Off                ;
; Allow Any RAM Size For Recognition                               ; Off                ; Off                ;
; Allow Any ROM Size For Recognition                               ; Off                ; Off                ;
; Allow Any Shift Register Size For Recognition                    ; Off                ; Off                ;
; Use LogicLock Constraints during Resource Balancing              ; On                 ; On                 ;
; Ignore translate_off and synthesis_off directives                ; Off                ; Off                ;
; Timing-Driven Synthesis                                          ; On                 ; On                 ;
; Report Parameter Settings                                        ; On                 ; On                 ;
; Report Source Assignments                                        ; On                 ; On                 ;
; Report Connectivity Checks                                       ; On                 ; On                 ;
; Ignore Maximum Fan-Out Assignments                               ; Off                ; Off                ;
; Synchronization Register Chain Length                            ; 2                  ; 2                  ;
; Power Optimization During Synthesis                              ; Normal compilation ; Normal compilation ;
; HDL message level                                                ; Level2             ; Level2             ;
; Suppress Register Optimization Related Messages                  ; Off                ; Off                ;
; Number of Removed Registers Reported in Synthesis Report         ; 5000               ; 5000               ;
; Number of Swept Nodes Reported in Synthesis Report               ; 5000               ; 5000               ;
; Number of Inverted Registers Reported in Synthesis Report        ; 100                ; 100                ;
; Clock MUX Protection                                             ; On                 ; On                 ;
; Auto Gated Clock Conversion                                      ; Off                ; Off                ;
; Block Design Naming                                              ; Auto               ; Auto               ;
; SDC constraint protection                                        ; Off                ; Off                ;
; Synthesis Effort                                                 ; Auto               ; Auto               ;
; Shift Register Replacement - Allow Asynchronous Clear Signal     ; On                 ; On                 ;
; Pre-Mapping Resynthesis Optimization                             ; Off                ; Off                ;
; Analysis & Synthesis Message Level                               ; Medium             ; Medium             ;
; Disable Register Merging Across Hierarchies                      ; Auto               ; Auto               ;
; Resource Aware Inference For Block RAM                           ; On                 ; On                 ;
+------------------------------------------------------------------+--------------------+--------------------+


+------------------------------------------+
; Parallel Compilation                     ;
+----------------------------+-------------+
; Processors                 ; Number      ;
+----------------------------+-------------+
; Number detected on machine ; 8           ;
; Maximum allowed            ; 8           ;
;                            ;             ;
; Average used               ; 1.00        ;
; Maximum used               ; 8           ;
;                            ;             ;
; Usage by Processor         ; % Time Used ;
;     Processor 1            ; 100.0%      ;
;     Processor 2            ;   0.0%      ;
;     Processors 3-8         ;   0.0%      ;
+----------------------------+-------------+


+------------------------------------------------------------------------------------------------------------------------------------------------------------------------------------------------+
; Analysis & Synthesis Source Files Read                                                                                                                                                         ;
+----------------------------------------------+-----------------+------------------------------+--------------------------------------------------------------------------------------+---------+
; File Name with User-Entered Path             ; Used in Netlist ; File Type                    ; File Name with Absolute Path                                                         ; Library ;
+----------------------------------------------+-----------------+------------------------------+--------------------------------------------------------------------------------------+---------+
; ../FAbehav/FAbehav.v                         ; yes             ; User Verilog HDL File        ; C:/Users/shore/Desktop/DigitalLogicVerilog/FAbehav/FAbehav.v                         ;         ;
; ../twoToOne/twoToOne.v                       ; yes             ; User Verilog HDL File        ; C:/Users/shore/Desktop/DigitalLogicVerilog/twoToOne/twoToOne.v                       ;         ;
; ../twoCompAddSub/twoCompAddSub.v             ; yes             ; User Verilog HDL File        ; C:/Users/shore/Desktop/DigitalLogicVerilog/twoCompAddSub/twoCompAddSub.v             ;         ;
; ../twoComp/twoComp.v                         ; yes             ; User Verilog HDL File        ; C:/Users/shore/Desktop/DigitalLogicVerilog/twoComp/twoComp.v                         ;         ;
; ../accumulator/accumulator.v                 ; yes             ; User Verilog HDL File        ; C:/Users/shore/Desktop/DigitalLogicVerilog/accumulator/accumulator.v                 ;         ;
; ../alu/alu.v                                 ; yes             ; User Verilog HDL File        ; C:/Users/shore/Desktop/DigitalLogicVerilog/alu/alu.v                                 ;         ;
; ../controller/controller.v                   ; yes             ; User Verilog HDL File        ; C:/Users/shore/Desktop/DigitalLogicVerilog/controller/controller.v                   ;         ;
; ../controllerTester/controllerTester.v       ; yes             ; User Verilog HDL File        ; C:/Users/shore/Desktop/DigitalLogicVerilog/controllerTester/controllerTester.v       ;         ;
; ../binaryCounter/binaryCounter.v             ; yes             ; User Verilog HDL File        ; C:/Users/shore/Desktop/DigitalLogicVerilog/binaryCounter/binaryCounter.v             ;         ;
; ../pInPOut/pInPOut.v                         ; yes             ; User Verilog HDL File        ; C:/Users/shore/Desktop/DigitalLogicVerilog/pInPOut/pInPOut.v                         ;         ;
; ../instructionDecoder/instructionDecoder.v   ; yes             ; User Verilog HDL File        ; C:/Users/shore/Desktop/DigitalLogicVerilog/instructionDecoder/instructionDecoder.v   ;         ;
; ../RAMtesterCode/binary2seven/binary2seven.v ; yes             ; User Verilog HDL File        ; C:/Users/shore/Desktop/DigitalLogicVerilog/RAMtesterCode/binary2seven/binary2seven.v ;         ;
; ../RAMtesterCode/BinUp/BinUp.v               ; yes             ; User Verilog HDL File        ; C:/Users/shore/Desktop/DigitalLogicVerilog/RAMtesterCode/BinUp/BinUp.v               ;         ;
; ../RAMtesterCode/Lab11RAM/Lab11RAM.v         ; yes             ; User Wizard-Generated File   ; C:/Users/shore/Desktop/DigitalLogicVerilog/RAMtesterCode/Lab11RAM/Lab11RAM.v         ;         ;
; ../RAMtesterCode/OnOffToggle/OnOffToggle.v   ; yes             ; User Verilog HDL File        ; C:/Users/shore/Desktop/DigitalLogicVerilog/RAMtesterCode/OnOffToggle/OnOffToggle.v   ;         ;
; trisc2.v                                     ; yes             ; User Verilog HDL File        ; C:/Users/shore/Desktop/DigitalLogicVerilog/trisc2/trisc2.v                           ;         ;
; altsyncram.tdf                               ; yes             ; Megafunction                 ; c:/intelfpga_lite/20.1/quartus/libraries/megafunctions/altsyncram.tdf                ;         ;
; stratix_ram_block.inc                        ; yes             ; Megafunction                 ; c:/intelfpga_lite/20.1/quartus/libraries/megafunctions/stratix_ram_block.inc         ;         ;
; lpm_mux.inc                                  ; yes             ; Megafunction                 ; c:/intelfpga_lite/20.1/quartus/libraries/megafunctions/lpm_mux.inc                   ;         ;
; lpm_decode.inc                               ; yes             ; Megafunction                 ; c:/intelfpga_lite/20.1/quartus/libraries/megafunctions/lpm_decode.inc                ;         ;
; aglobal201.inc                               ; yes             ; Megafunction                 ; c:/intelfpga_lite/20.1/quartus/libraries/megafunctions/aglobal201.inc                ;         ;
; a_rdenreg.inc                                ; yes             ; Megafunction                 ; c:/intelfpga_lite/20.1/quartus/libraries/megafunctions/a_rdenreg.inc                 ;         ;
; altrom.inc                                   ; yes             ; Megafunction                 ; c:/intelfpga_lite/20.1/quartus/libraries/megafunctions/altrom.inc                    ;         ;
; altram.inc                                   ; yes             ; Megafunction                 ; c:/intelfpga_lite/20.1/quartus/libraries/megafunctions/altram.inc                    ;         ;
; altdpram.inc                                 ; yes             ; Megafunction                 ; c:/intelfpga_lite/20.1/quartus/libraries/megafunctions/altdpram.inc                  ;         ;
; db/altsyncram_ene1.tdf                       ; yes             ; Auto-Generated Megafunction  ; C:/Users/shore/Desktop/DigitalLogicVerilog/trisc2/db/altsyncram_ene1.tdf             ;         ;
+----------------------------------------------+-----------------+------------------------------+--------------------------------------------------------------------------------------+---------+


+-----------------------------------------------------------+
; Analysis & Synthesis Resource Usage Summary               ;
+---------------------------------------------+-------------+
; Resource                                    ; Usage       ;
+---------------------------------------------+-------------+
; Estimated Total logic elements              ; 176         ;
;                                             ;             ;
; Total combinational functions               ; 171         ;
; Logic element usage by number of LUT inputs ;             ;
;     -- 4 input functions                    ; 95          ;
;     -- 3 input functions                    ; 43          ;
;     -- <=2 input functions                  ; 33          ;
;                                             ;             ;
; Logic elements by mode                      ;             ;
;     -- normal mode                          ; 171         ;
;     -- arithmetic mode                      ; 0           ;
;                                             ;             ;
; Total registers                             ; 41          ;
;     -- Dedicated logic registers            ; 41          ;
;     -- I/O registers                        ; 0           ;
;                                             ;             ;
; I/O pins                                    ; 70          ;
; Total memory bits                           ; 128         ;
;                                             ;             ;
; Embedded Multiplier 9-bit elements          ; 0           ;
;                                             ;             ;
; Maximum fan-out node                        ; clock~input ;
; Maximum fan-out                             ; 21          ;
; Total fan-out                               ; 865         ;
; Average fan-out                             ; 2.40        ;
+---------------------------------------------+-------------+


+----------------------------------------------------------------------------------------------------------------------------------------------------------------------------------------------------------------------------------------------------------------------------------------------------------------------------+
; Analysis & Synthesis Resource Utilization by Entity                                                                                                                                                                                                                                                                        ;
+---------------------------------------------+---------------------+---------------------------+-------------+------------+--------------+---------+-----------+------+--------------+------------+-------------------------------------------------------------------------------------+--------------------+--------------+
; Compilation Hierarchy Node                  ; Combinational ALUTs ; Dedicated Logic Registers ; Memory Bits ; UFM Blocks ; DSP Elements ; DSP 9x9 ; DSP 18x18 ; Pins ; Virtual Pins ; ADC blocks ; Full Hierarchy Name                                                                 ; Entity Name        ; Library Name ;
+---------------------------------------------+---------------------+---------------------------+-------------+------------+--------------+---------+-----------+------+--------------+------------+-------------------------------------------------------------------------------------+--------------------+--------------+
; |trisc2                                     ; 171 (20)            ; 41 (0)                    ; 128         ; 0          ; 0            ; 0       ; 0         ; 70   ; 0            ; 0          ; |trisc2                                                                             ; trisc2             ; work         ;
;    |BinUp:AddressGen|                       ; 4 (4)               ; 4 (4)                     ; 0           ; 0          ; 0            ; 0       ; 0         ; 0    ; 0            ; 0          ; |trisc2|BinUp:AddressGen                                                            ; BinUp              ; work         ;
;    |Lab11RAM:RAM|                           ; 0 (0)               ; 0 (0)                     ; 128         ; 0          ; 0            ; 0       ; 0         ; 0    ; 0            ; 0          ; |trisc2|Lab11RAM:RAM                                                                ; Lab11RAM           ; work         ;
;       |altsyncram:altsyncram_component|     ; 0 (0)               ; 0 (0)                     ; 128         ; 0          ; 0            ; 0       ; 0         ; 0    ; 0            ; 0          ; |trisc2|Lab11RAM:RAM|altsyncram:altsyncram_component                                ; altsyncram         ; work         ;
;          |altsyncram_ene1:auto_generated|   ; 0 (0)               ; 0 (0)                     ; 128         ; 0          ; 0            ; 0       ; 0         ; 0    ; 0            ; 0          ; |trisc2|Lab11RAM:RAM|altsyncram:altsyncram_component|altsyncram_ene1:auto_generated ; altsyncram_ene1    ; work         ;
;    |OnOffToggle:DivideX2|                   ; 2 (2)               ; 1 (1)                     ; 0           ; 0          ; 0            ; 0       ; 0         ; 0    ; 0            ; 0          ; |trisc2|OnOffToggle:DivideX2                                                        ; OnOffToggle        ; work         ;
;    |accumulator:accumulator_inst|           ; 23 (0)              ; 4 (0)                     ; 0           ; 0          ; 0            ; 0       ; 0         ; 0    ; 0            ; 0          ; |trisc2|accumulator:accumulator_inst                                                ; accumulator        ; work         ;
;       |binaryCounter:comb_4|                ; 19 (19)             ; 4 (4)                     ; 0           ; 0          ; 0            ; 0       ; 0         ; 0    ; 0            ; 0          ; |trisc2|accumulator:accumulator_inst|binaryCounter:comb_4                           ; binaryCounter      ; work         ;
;       |twoToOne:comb_3|                     ; 4 (4)               ; 0 (0)                     ; 0           ; 0          ; 0            ; 0       ; 0         ; 0    ; 0            ; 0          ; |trisc2|accumulator:accumulator_inst|twoToOne:comb_3                                ; twoToOne           ; work         ;
;    |alu:alu_inst|                           ; 6 (0)               ; 0 (0)                     ; 0           ; 0          ; 0            ; 0       ; 0         ; 0    ; 0            ; 0          ; |trisc2|alu:alu_inst                                                                ; alu                ; work         ;
;       |twoCompAddSub:comb_3|                ; 6 (0)               ; 0 (0)                     ; 0           ; 0          ; 0            ; 0       ; 0         ; 0    ; 0            ; 0          ; |trisc2|alu:alu_inst|twoCompAddSub:comb_3                                           ; twoCompAddSub      ; work         ;
;          |FAbehav:comb_10|                  ; 2 (2)               ; 0 (0)                     ; 0           ; 0          ; 0            ; 0       ; 0         ; 0    ; 0            ; 0          ; |trisc2|alu:alu_inst|twoCompAddSub:comb_3|FAbehav:comb_10                           ; FAbehav            ; work         ;
;          |FAbehav:comb_4|                   ; 1 (1)               ; 0 (0)                     ; 0           ; 0          ; 0            ; 0       ; 0         ; 0    ; 0            ; 0          ; |trisc2|alu:alu_inst|twoCompAddSub:comb_3|FAbehav:comb_4                            ; FAbehav            ; work         ;
;          |FAbehav:comb_6|                   ; 2 (2)               ; 0 (0)                     ; 0           ; 0          ; 0            ; 0       ; 0         ; 0    ; 0            ; 0          ; |trisc2|alu:alu_inst|twoCompAddSub:comb_3|FAbehav:comb_6                            ; FAbehav            ; work         ;
;          |FAbehav:comb_8|                   ; 1 (1)               ; 0 (0)                     ; 0           ; 0          ; 0            ; 0       ; 0         ; 0    ; 0            ; 0          ; |trisc2|alu:alu_inst|twoCompAddSub:comb_3|FAbehav:comb_8                            ; FAbehav            ; work         ;
;    |binary2seven:comb_42|                   ; 7 (7)               ; 0 (0)                     ; 0           ; 0          ; 0            ; 0       ; 0         ; 0    ; 0            ; 0          ; |trisc2|binary2seven:comb_42                                                        ; binary2seven       ; work         ;
;    |binary2seven:comb_43|                   ; 7 (7)               ; 0 (0)                     ; 0           ; 0          ; 0            ; 0       ; 0         ; 0    ; 0            ; 0          ; |trisc2|binary2seven:comb_43                                                        ; binary2seven       ; work         ;
;    |binary2seven:comb_44|                   ; 7 (7)               ; 0 (0)                     ; 0           ; 0          ; 0            ; 0       ; 0         ; 0    ; 0            ; 0          ; |trisc2|binary2seven:comb_44                                                        ; binary2seven       ; work         ;
;    |binary2seven:comb_45|                   ; 7 (7)               ; 0 (0)                     ; 0           ; 0          ; 0            ; 0       ; 0         ; 0    ; 0            ; 0          ; |trisc2|binary2seven:comb_45                                                        ; binary2seven       ; work         ;
;    |binary2seven:comb_46|                   ; 7 (7)               ; 0 (0)                     ; 0           ; 0          ; 0            ; 0       ; 0         ; 0    ; 0            ; 0          ; |trisc2|binary2seven:comb_46                                                        ; binary2seven       ; work         ;
;    |binary2seven:comb_47|                   ; 7 (7)               ; 0 (0)                     ; 0           ; 0          ; 0            ; 0       ; 0         ; 0    ; 0            ; 0          ; |trisc2|binary2seven:comb_47                                                        ; binary2seven       ; work         ;
;    |binaryCounter:binaryCounter_inst|       ; 18 (18)             ; 4 (4)                     ; 0           ; 0          ; 0            ; 0       ; 0         ; 0    ; 0            ; 0          ; |trisc2|binaryCounter:binaryCounter_inst                                            ; binaryCounter      ; work         ;
;    |controllerTester:controllerTester_inst| ; 56 (0)              ; 20 (0)                    ; 0           ; 0          ; 0            ; 0       ; 0         ; 0    ; 0            ; 0          ; |trisc2|controllerTester:controllerTester_inst                                      ; controllerTester   ; work         ;
;       |controller:comb_4|                   ; 43 (43)             ; 20 (20)                   ; 0           ; 0          ; 0            ; 0       ; 0         ; 0    ; 0            ; 0          ; |trisc2|controllerTester:controllerTester_inst|controller:comb_4                    ; controller         ; work         ;
;       |instructionDecoder:comb_3|           ; 13 (13)             ; 0 (0)                     ; 0           ; 0          ; 0            ; 0       ; 0         ; 0    ; 0            ; 0          ; |trisc2|controllerTester:controllerTester_inst|instructionDecoder:comb_3            ; instructionDecoder ; work         ;
;    |pInPOut:IR|                             ; 0 (0)               ; 4 (4)                     ; 0           ; 0          ; 0            ; 0       ; 0         ; 0    ; 0            ; 0          ; |trisc2|pInPOut:IR                                                                  ; pInPOut            ; work         ;
;    |pInPOut:pInPOut_inst|                   ; 0 (0)               ; 4 (4)                     ; 0           ; 0          ; 0            ; 0       ; 0         ; 0    ; 0            ; 0          ; |trisc2|pInPOut:pInPOut_inst                                                        ; pInPOut            ; work         ;
+---------------------------------------------+---------------------+---------------------------+-------------+------------+--------------+---------+-----------+------+--------------+------------+-------------------------------------------------------------------------------------+--------------------+--------------+
Note: For table entries with two numbers listed, the numbers in parentheses indicate the number of resources of the given type used by the specific entity alone. The numbers listed outside of parentheses indicate the total resources of the given type used by the specific entity and all of its sub-entities in the hierarchy.


+---------------------------------------------------------------------------------------------------------------------------------------------------------------------------------------+
; Analysis & Synthesis RAM Summary                                                                                                                                                      ;
+----------------------------------------------------------------------------------------+------+-------------+--------------+--------------+--------------+--------------+------+------+
; Name                                                                                   ; Type ; Mode        ; Port A Depth ; Port A Width ; Port B Depth ; Port B Width ; Size ; MIF  ;
+----------------------------------------------------------------------------------------+------+-------------+--------------+--------------+--------------+--------------+------+------+
; Lab11RAM:RAM|altsyncram:altsyncram_component|altsyncram_ene1:auto_generated|ALTSYNCRAM ; AUTO ; Single Port ; 16           ; 8            ; --           ; --           ; 128  ; None ;
+----------------------------------------------------------------------------------------+------+-------------+--------------+--------------+--------------+--------------+------+------+


Encoding Type:  One-Hot
+-----------------------------------------------------------------------------------------------------------------------------------------------------------------------------------------------------------------+
; State Machine - |trisc2|controllerTester:controllerTester_inst|controller:comb_4|state                                                                                                                          ;
+---------+---------+---------+---------+---------+---------+---------+---------+---------+---------+---------+---------+---------+---------+---------+---------+---------+---------+---------+---------+---------+
; Name    ; state.T ; state.S ; state.R ; state.Q ; state.P ; state.O ; state.N ; state.M ; state.L ; state.K ; state.J ; state.I ; state.H ; state.G ; state.F ; state.E ; state.D ; state.C ; state.B ; state.A ;
+---------+---------+---------+---------+---------+---------+---------+---------+---------+---------+---------+---------+---------+---------+---------+---------+---------+---------+---------+---------+---------+
; state.A ; 0       ; 0       ; 0       ; 0       ; 0       ; 0       ; 0       ; 0       ; 0       ; 0       ; 0       ; 0       ; 0       ; 0       ; 0       ; 0       ; 0       ; 0       ; 0       ; 0       ;
; state.B ; 0       ; 0       ; 0       ; 0       ; 0       ; 0       ; 0       ; 0       ; 0       ; 0       ; 0       ; 0       ; 0       ; 0       ; 0       ; 0       ; 0       ; 0       ; 1       ; 1       ;
; state.C ; 0       ; 0       ; 0       ; 0       ; 0       ; 0       ; 0       ; 0       ; 0       ; 0       ; 0       ; 0       ; 0       ; 0       ; 0       ; 0       ; 0       ; 1       ; 0       ; 1       ;
; state.D ; 0       ; 0       ; 0       ; 0       ; 0       ; 0       ; 0       ; 0       ; 0       ; 0       ; 0       ; 0       ; 0       ; 0       ; 0       ; 0       ; 1       ; 0       ; 0       ; 1       ;
; state.E ; 0       ; 0       ; 0       ; 0       ; 0       ; 0       ; 0       ; 0       ; 0       ; 0       ; 0       ; 0       ; 0       ; 0       ; 0       ; 1       ; 0       ; 0       ; 0       ; 1       ;
; state.F ; 0       ; 0       ; 0       ; 0       ; 0       ; 0       ; 0       ; 0       ; 0       ; 0       ; 0       ; 0       ; 0       ; 0       ; 1       ; 0       ; 0       ; 0       ; 0       ; 1       ;
; state.G ; 0       ; 0       ; 0       ; 0       ; 0       ; 0       ; 0       ; 0       ; 0       ; 0       ; 0       ; 0       ; 0       ; 1       ; 0       ; 0       ; 0       ; 0       ; 0       ; 1       ;
; state.H ; 0       ; 0       ; 0       ; 0       ; 0       ; 0       ; 0       ; 0       ; 0       ; 0       ; 0       ; 0       ; 1       ; 0       ; 0       ; 0       ; 0       ; 0       ; 0       ; 1       ;
; state.I ; 0       ; 0       ; 0       ; 0       ; 0       ; 0       ; 0       ; 0       ; 0       ; 0       ; 0       ; 1       ; 0       ; 0       ; 0       ; 0       ; 0       ; 0       ; 0       ; 1       ;
; state.J ; 0       ; 0       ; 0       ; 0       ; 0       ; 0       ; 0       ; 0       ; 0       ; 0       ; 1       ; 0       ; 0       ; 0       ; 0       ; 0       ; 0       ; 0       ; 0       ; 1       ;
; state.K ; 0       ; 0       ; 0       ; 0       ; 0       ; 0       ; 0       ; 0       ; 0       ; 1       ; 0       ; 0       ; 0       ; 0       ; 0       ; 0       ; 0       ; 0       ; 0       ; 1       ;
; state.L ; 0       ; 0       ; 0       ; 0       ; 0       ; 0       ; 0       ; 0       ; 1       ; 0       ; 0       ; 0       ; 0       ; 0       ; 0       ; 0       ; 0       ; 0       ; 0       ; 1       ;
; state.M ; 0       ; 0       ; 0       ; 0       ; 0       ; 0       ; 0       ; 1       ; 0       ; 0       ; 0       ; 0       ; 0       ; 0       ; 0       ; 0       ; 0       ; 0       ; 0       ; 1       ;
; state.N ; 0       ; 0       ; 0       ; 0       ; 0       ; 0       ; 1       ; 0       ; 0       ; 0       ; 0       ; 0       ; 0       ; 0       ; 0       ; 0       ; 0       ; 0       ; 0       ; 1       ;
; state.O ; 0       ; 0       ; 0       ; 0       ; 0       ; 1       ; 0       ; 0       ; 0       ; 0       ; 0       ; 0       ; 0       ; 0       ; 0       ; 0       ; 0       ; 0       ; 0       ; 1       ;
; state.P ; 0       ; 0       ; 0       ; 0       ; 1       ; 0       ; 0       ; 0       ; 0       ; 0       ; 0       ; 0       ; 0       ; 0       ; 0       ; 0       ; 0       ; 0       ; 0       ; 1       ;
; state.Q ; 0       ; 0       ; 0       ; 1       ; 0       ; 0       ; 0       ; 0       ; 0       ; 0       ; 0       ; 0       ; 0       ; 0       ; 0       ; 0       ; 0       ; 0       ; 0       ; 1       ;
; state.R ; 0       ; 0       ; 1       ; 0       ; 0       ; 0       ; 0       ; 0       ; 0       ; 0       ; 0       ; 0       ; 0       ; 0       ; 0       ; 0       ; 0       ; 0       ; 0       ; 1       ;
; state.S ; 0       ; 1       ; 0       ; 0       ; 0       ; 0       ; 0       ; 0       ; 0       ; 0       ; 0       ; 0       ; 0       ; 0       ; 0       ; 0       ; 0       ; 0       ; 0       ; 1       ;
; state.T ; 1       ; 0       ; 0       ; 0       ; 0       ; 0       ; 0       ; 0       ; 0       ; 0       ; 0       ; 0       ; 0       ; 0       ; 0       ; 0       ; 0       ; 0       ; 0       ; 1       ;
+---------+---------+---------+---------+---------+---------+---------+---------+---------+---------+---------+---------+---------+---------+---------+---------+---------+---------+---------+---------+---------+


+------------------------------------------------------------------------------------------------------------------------------------------------------------------------------+
; User-Specified and Inferred Latches                                                                                                                                          ;
+--------------------------------------------------------------------------+--------------------------------------------------------------------------+------------------------+
; Latch Name                                                               ; Latch Enable Signal                                                      ; Free of Timing Hazards ;
+--------------------------------------------------------------------------+--------------------------------------------------------------------------+------------------------+
; controllerTester:controllerTester_inst|controller:comb_4|nextstate.B_779 ; controllerTester:controllerTester_inst|controller:comb_4|Selector25      ; yes                    ;
; controllerTester:controllerTester_inst|controller:comb_4|nextstate.C_760 ; controllerTester:controllerTester_inst|controller:comb_4|Selector25      ; yes                    ;
; controllerTester:controllerTester_inst|controller:comb_4|nextstate.D_741 ; controllerTester:controllerTester_inst|controller:comb_4|Selector25      ; yes                    ;
; controllerTester:controllerTester_inst|controller:comb_4|nextstate.E_722 ; controllerTester:controllerTester_inst|controller:comb_4|Selector25      ; yes                    ;
; controllerTester:controllerTester_inst|controller:comb_4|nextstate.M_582 ; GND                                                                      ; yes                    ;
; controllerTester:controllerTester_inst|controller:comb_4|nextstate.H_671 ; GND                                                                      ; yes                    ;
; controllerTester:controllerTester_inst|controller:comb_4|nextstate.J_639 ; controllerTester:controllerTester_inst|controller:comb_4|Selector25      ; yes                    ;
; controllerTester:controllerTester_inst|controller:comb_4|nextstate.K_620 ; controllerTester:controllerTester_inst|controller:comb_4|Selector25      ; yes                    ;
; controllerTester:controllerTester_inst|controller:comb_4|nextstate.N_566 ; controllerTester:controllerTester_inst|controller:comb_4|Selector25      ; yes                    ;
; controllerTester:controllerTester_inst|controller:comb_4|nextstate.O_547 ; controllerTester:controllerTester_inst|controller:comb_4|Selector25      ; yes                    ;
; controllerTester:controllerTester_inst|controller:comb_4|nextstate.Q_512 ; controllerTester:controllerTester_inst|controller:comb_4|Selector25      ; yes                    ;
; controllerTester:controllerTester_inst|controller:comb_4|nextstate.R_493 ; controllerTester:controllerTester_inst|controller:comb_4|Selector25      ; yes                    ;
; controllerTester:controllerTester_inst|controller:comb_4|nextstate.G_687 ; GND                                                                      ; yes                    ;
; controllerTester:controllerTester_inst|controller:comb_4|nextstate.F_703 ; GND                                                                      ; yes                    ;
; controllerTester:controllerTester_inst|controller:comb_4|nextstate.T_455 ; controllerTester:controllerTester_inst|controller:comb_4|Selector25      ; yes                    ;
; controllerTester:controllerTester_inst|controller:comb_4|nextstate.L_601 ; controllerTester:controllerTester_inst|controller:comb_4|Selector25      ; yes                    ;
; controllerTester:controllerTester_inst|instructionDecoder:comb_3|h       ; controllerTester:controllerTester_inst|instructionDecoder:comb_3|WideOr1 ; yes                    ;
; controllerTester:controllerTester_inst|instructionDecoder:comb_3|g       ; controllerTester:controllerTester_inst|instructionDecoder:comb_3|WideOr1 ; yes                    ;
; controllerTester:controllerTester_inst|instructionDecoder:comb_3|f       ; controllerTester:controllerTester_inst|instructionDecoder:comb_3|WideOr1 ; yes                    ;
; controllerTester:controllerTester_inst|instructionDecoder:comb_3|c       ; controllerTester:controllerTester_inst|instructionDecoder:comb_3|WideOr1 ; yes                    ;
; controllerTester:controllerTester_inst|instructionDecoder:comb_3|b       ; controllerTester:controllerTester_inst|instructionDecoder:comb_3|WideOr1 ; yes                    ;
; controllerTester:controllerTester_inst|instructionDecoder:comb_3|a       ; controllerTester:controllerTester_inst|instructionDecoder:comb_3|WideOr1 ; yes                    ;
; controllerTester:controllerTester_inst|controller:comb_4|nextstate.I_655 ; GND                                                                      ; yes                    ;
; controllerTester:controllerTester_inst|controller:comb_4|nextstate.P_528 ; GND                                                                      ; yes                    ;
; controllerTester:controllerTester_inst|controller:comb_4|nextstate.S_474 ; controllerTester:controllerTester_inst|controller:comb_4|Selector25      ; yes                    ;
; Number of user-specified and inferred latches = 25                       ;                                                                          ;                        ;
+--------------------------------------------------------------------------+--------------------------------------------------------------------------+------------------------+
Note: All latches listed above may not be present at the end of synthesis due to various synthesis optimizations.


+---------------------------------------------------------------------------------------+
; Registers Removed During Synthesis                                                    ;
+------------------------------------------------------------------+--------------------+
; Register name                                                    ; Reason for Removal ;
+------------------------------------------------------------------+--------------------+
; controllerTester:controllerTester_inst|controller:comb_4|state~4 ; Lost fanout        ;
; controllerTester:controllerTester_inst|controller:comb_4|state~5 ; Lost fanout        ;
; controllerTester:controllerTester_inst|controller:comb_4|state~6 ; Lost fanout        ;
; controllerTester:controllerTester_inst|controller:comb_4|state~7 ; Lost fanout        ;
; controllerTester:controllerTester_inst|controller:comb_4|state~8 ; Lost fanout        ;
; Total Number of Removed Registers = 5                            ;                    ;
+------------------------------------------------------------------+--------------------+


+------------------------------------------------------+
; General Register Statistics                          ;
+----------------------------------------------+-------+
; Statistic                                    ; Value ;
+----------------------------------------------+-------+
; Total registers                              ; 41    ;
; Number of registers using Synchronous Clear  ; 0     ;
; Number of registers using Synchronous Load   ; 0     ;
; Number of registers using Asynchronous Clear ; 32    ;
; Number of registers using Asynchronous Load  ; 0     ;
; Number of registers using Clock Enable       ; 0     ;
; Number of registers using Preset             ; 0     ;
+----------------------------------------------+-------+


+--------------------------------------------------------------------------------------------------------------------------------------------------------------------------------------------+
; Multiplexer Restructuring Statistics (Restructuring Performed)                                                                                                                             ;
+--------------------+-----------+---------------+----------------------+------------------------+------------+------------------------------------------------------------------------------+
; Multiplexer Inputs ; Bus Width ; Baseline Area ; Area if Restructured ; Saving if Restructured ; Registered ; Example Multiplexer Output                                                   ;
+--------------------+-----------+---------------+----------------------+------------------------+------------+------------------------------------------------------------------------------+
; 3:1                ; 4 bits    ; 8 LEs         ; 8 LEs                ; 0 LEs                  ; No         ; |trisc2|AddIn[3]                                                             ;
; 6:1                ; 2 bits    ; 8 LEs         ; 2 LEs                ; 6 LEs                  ; No         ; |trisc2|controllerTester:controllerTester_inst|controller:comb_4|nextstate.M ;
+--------------------+-----------+---------------+----------------------+------------------------+------------+------------------------------------------------------------------------------+


+----------------------------------------------------------------------------------------------------+
; Source assignments for Lab11RAM:RAM|altsyncram:altsyncram_component|altsyncram_ene1:auto_generated ;
+---------------------------------+--------------------+------+--------------------------------------+
; Assignment                      ; Value              ; From ; To                                   ;
+---------------------------------+--------------------+------+--------------------------------------+
; OPTIMIZE_POWER_DURING_SYNTHESIS ; NORMAL_COMPILATION ; -    ; -                                    ;
+---------------------------------+--------------------+------+--------------------------------------+


+-------------------------------------------------------------------+
; Parameter Settings for User Entity Instance: OnOffToggle:DivideX2 ;
+----------------+-------+------------------------------------------+
; Parameter Name ; Value ; Type                                     ;
+----------------+-------+------------------------------------------+
; ON             ; 1     ; Unsigned Binary                          ;
; OFF            ; 0     ; Unsigned Binary                          ;
+----------------+-------+------------------------------------------+
Note: In order to hide this table in the UI and the text report file, please set the "Show Parameter Settings in Synthesis Report" option in "Analysis and Synthesis Settings -> More Settings" to "Off".


+---------------------------------------------------------------+
; Parameter Settings for User Entity Instance: BinUp:AddressGen ;
+----------------+-------+--------------------------------------+
; Parameter Name ; Value ; Type                                 ;
+----------------+-------+--------------------------------------+
; N              ; 4     ; Signed Integer                       ;
+----------------+-------+--------------------------------------+
Note: In order to hide this table in the UI and the text report file, please set the "Show Parameter Settings in Synthesis Report" option in "Analysis and Synthesis Settings -> More Settings" to "Off".


+-------------------------------------------------------------------------------------------+
; Parameter Settings for User Entity Instance: Lab11RAM:RAM|altsyncram:altsyncram_component ;
+------------------------------------+----------------------+-------------------------------+
; Parameter Name                     ; Value                ; Type                          ;
+------------------------------------+----------------------+-------------------------------+
; BYTE_SIZE_BLOCK                    ; 8                    ; Untyped                       ;
; AUTO_CARRY_CHAINS                  ; ON                   ; AUTO_CARRY                    ;
; IGNORE_CARRY_BUFFERS               ; OFF                  ; IGNORE_CARRY                  ;
; AUTO_CASCADE_CHAINS                ; ON                   ; AUTO_CASCADE                  ;
; IGNORE_CASCADE_BUFFERS             ; OFF                  ; IGNORE_CASCADE                ;
; WIDTH_BYTEENA                      ; 1                    ; Untyped                       ;
; OPERATION_MODE                     ; SINGLE_PORT          ; Untyped                       ;
; WIDTH_A                            ; 8                    ; Signed Integer                ;
; WIDTHAD_A                          ; 4                    ; Signed Integer                ;
; NUMWORDS_A                         ; 16                   ; Signed Integer                ;
; OUTDATA_REG_A                      ; CLOCK0               ; Untyped                       ;
; ADDRESS_ACLR_A                     ; NONE                 ; Untyped                       ;
; OUTDATA_ACLR_A                     ; NONE                 ; Untyped                       ;
; WRCONTROL_ACLR_A                   ; NONE                 ; Untyped                       ;
; INDATA_ACLR_A                      ; NONE                 ; Untyped                       ;
; BYTEENA_ACLR_A                     ; NONE                 ; Untyped                       ;
; WIDTH_B                            ; 1                    ; Untyped                       ;
; WIDTHAD_B                          ; 1                    ; Untyped                       ;
; NUMWORDS_B                         ; 1                    ; Untyped                       ;
; INDATA_REG_B                       ; CLOCK1               ; Untyped                       ;
; WRCONTROL_WRADDRESS_REG_B          ; CLOCK1               ; Untyped                       ;
; RDCONTROL_REG_B                    ; CLOCK1               ; Untyped                       ;
; ADDRESS_REG_B                      ; CLOCK1               ; Untyped                       ;
; OUTDATA_REG_B                      ; UNREGISTERED         ; Untyped                       ;
; BYTEENA_REG_B                      ; CLOCK1               ; Untyped                       ;
; INDATA_ACLR_B                      ; NONE                 ; Untyped                       ;
; WRCONTROL_ACLR_B                   ; NONE                 ; Untyped                       ;
; ADDRESS_ACLR_B                     ; NONE                 ; Untyped                       ;
; OUTDATA_ACLR_B                     ; NONE                 ; Untyped                       ;
; RDCONTROL_ACLR_B                   ; NONE                 ; Untyped                       ;
; BYTEENA_ACLR_B                     ; NONE                 ; Untyped                       ;
; WIDTH_BYTEENA_A                    ; 1                    ; Signed Integer                ;
; WIDTH_BYTEENA_B                    ; 1                    ; Untyped                       ;
; RAM_BLOCK_TYPE                     ; AUTO                 ; Untyped                       ;
; BYTE_SIZE                          ; 8                    ; Untyped                       ;
; READ_DURING_WRITE_MODE_MIXED_PORTS ; DONT_CARE            ; Untyped                       ;
; READ_DURING_WRITE_MODE_PORT_A      ; NEW_DATA_NO_NBE_READ ; Untyped                       ;
; READ_DURING_WRITE_MODE_PORT_B      ; NEW_DATA_NO_NBE_READ ; Untyped                       ;
; INIT_FILE                          ; UNUSED               ; Untyped                       ;
; INIT_FILE_LAYOUT                   ; PORT_A               ; Untyped                       ;
; MAXIMUM_DEPTH                      ; 0                    ; Untyped                       ;
; CLOCK_ENABLE_INPUT_A               ; BYPASS               ; Untyped                       ;
; CLOCK_ENABLE_INPUT_B               ; NORMAL               ; Untyped                       ;
; CLOCK_ENABLE_OUTPUT_A              ; BYPASS               ; Untyped                       ;
; CLOCK_ENABLE_OUTPUT_B              ; NORMAL               ; Untyped                       ;
; CLOCK_ENABLE_CORE_A                ; USE_INPUT_CLKEN      ; Untyped                       ;
; CLOCK_ENABLE_CORE_B                ; USE_INPUT_CLKEN      ; Untyped                       ;
; ENABLE_ECC                         ; FALSE                ; Untyped                       ;
; ECC_PIPELINE_STAGE_ENABLED         ; FALSE                ; Untyped                       ;
; WIDTH_ECCSTATUS                    ; 3                    ; Untyped                       ;
; DEVICE_FAMILY                      ; MAX 10               ; Untyped                       ;
; CBXI_PARAMETER                     ; altsyncram_ene1      ; Untyped                       ;
+------------------------------------+----------------------+-------------------------------+
Note: In order to hide this table in the UI and the text report file, please set the "Show Parameter Settings in Synthesis Report" option in "Analysis and Synthesis Settings -> More Settings" to "Off".


+---------------------------------------------------------+
; Parameter Settings for User Entity Instance: pInPOut:IR ;
+----------------+-------+--------------------------------+
; Parameter Name ; Value ; Type                           ;
+----------------+-------+--------------------------------+
; N              ; 4     ; Signed Integer                 ;
+----------------+-------+--------------------------------+
Note: In order to hide this table in the UI and the text report file, please set the "Show Parameter Settings in Synthesis Report" option in "Analysis and Synthesis Settings -> More Settings" to "Off".


+-------------------------------------------------------------------------------------------------------+
; Parameter Settings for User Entity Instance: controllerTester:controllerTester_inst|controller:comb_4 ;
+----------------+-------+------------------------------------------------------------------------------+
; Parameter Name ; Value ; Type                                                                         ;
+----------------+-------+------------------------------------------------------------------------------+
; A              ; 00000 ; Unsigned Binary                                                              ;
; B              ; 00001 ; Unsigned Binary                                                              ;
; C              ; 00010 ; Unsigned Binary                                                              ;
; D              ; 00011 ; Unsigned Binary                                                              ;
; E              ; 00100 ; Unsigned Binary                                                              ;
; F              ; 00101 ; Unsigned Binary                                                              ;
; G              ; 00110 ; Unsigned Binary                                                              ;
; H              ; 00111 ; Unsigned Binary                                                              ;
; I              ; 01000 ; Unsigned Binary                                                              ;
; J              ; 01001 ; Unsigned Binary                                                              ;
; K              ; 01010 ; Unsigned Binary                                                              ;
; L              ; 01011 ; Unsigned Binary                                                              ;
; M              ; 01100 ; Unsigned Binary                                                              ;
; N              ; 01101 ; Unsigned Binary                                                              ;
; O              ; 01110 ; Unsigned Binary                                                              ;
; P              ; 01111 ; Unsigned Binary                                                              ;
; Q              ; 10000 ; Unsigned Binary                                                              ;
; R              ; 10001 ; Unsigned Binary                                                              ;
; S              ; 10010 ; Unsigned Binary                                                              ;
; T              ; 10011 ; Unsigned Binary                                                              ;
; U              ; 10100 ; Unsigned Binary                                                              ;
; V              ; 10101 ; Unsigned Binary                                                              ;
+----------------+-------+------------------------------------------------------------------------------+
Note: In order to hide this table in the UI and the text report file, please set the "Show Parameter Settings in Synthesis Report" option in "Analysis and Synthesis Settings -> More Settings" to "Off".


+-------------------------------------------------------------------------------------------+
; Parameter Settings for User Entity Instance: accumulator:accumulator_inst|twoToOne:comb_3 ;
+----------------+-------+------------------------------------------------------------------+
; Parameter Name ; Value ; Type                                                             ;
+----------------+-------+------------------------------------------------------------------+
; N              ; 4     ; Signed Integer                                                   ;
+----------------+-------+------------------------------------------------------------------+
Note: In order to hide this table in the UI and the text report file, please set the "Show Parameter Settings in Synthesis Report" option in "Analysis and Synthesis Settings -> More Settings" to "Off".


+------------------------------------------------------------------------------------------------+
; Parameter Settings for User Entity Instance: accumulator:accumulator_inst|binaryCounter:comb_4 ;
+----------------+-------+-----------------------------------------------------------------------+
; Parameter Name ; Value ; Type                                                                  ;
+----------------+-------+-----------------------------------------------------------------------+
; N              ; 4     ; Signed Integer                                                        ;
+----------------+-------+-----------------------------------------------------------------------+
Note: In order to hide this table in the UI and the text report file, please set the "Show Parameter Settings in Synthesis Report" option in "Analysis and Synthesis Settings -> More Settings" to "Off".


+-------------------------------------------------------------------+
; Parameter Settings for User Entity Instance: pInPOut:pInPOut_inst ;
+----------------+-------+------------------------------------------+
; Parameter Name ; Value ; Type                                     ;
+----------------+-------+------------------------------------------+
; N              ; 4     ; Signed Integer                           ;
+----------------+-------+------------------------------------------+
Note: In order to hide this table in the UI and the text report file, please set the "Show Parameter Settings in Synthesis Report" option in "Analysis and Synthesis Settings -> More Settings" to "Off".


+-------------------------------------------------------------------------------+
; Parameter Settings for User Entity Instance: binaryCounter:binaryCounter_inst ;
+----------------+-------+------------------------------------------------------+
; Parameter Name ; Value ; Type                                                 ;
+----------------+-------+------------------------------------------------------+
; N              ; 4     ; Signed Integer                                       ;
+----------------+-------+------------------------------------------------------+
Note: In order to hide this table in the UI and the text report file, please set the "Show Parameter Settings in Synthesis Report" option in "Analysis and Synthesis Settings -> More Settings" to "Off".


+------------------------------------------------------------------------------------------+
; altsyncram Parameter Settings by Entity Instance                                         ;
+-------------------------------------------+----------------------------------------------+
; Name                                      ; Value                                        ;
+-------------------------------------------+----------------------------------------------+
; Number of entity instances                ; 1                                            ;
; Entity Instance                           ; Lab11RAM:RAM|altsyncram:altsyncram_component ;
;     -- OPERATION_MODE                     ; SINGLE_PORT                                  ;
;     -- WIDTH_A                            ; 8                                            ;
;     -- NUMWORDS_A                         ; 16                                           ;
;     -- OUTDATA_REG_A                      ; CLOCK0                                       ;
;     -- WIDTH_B                            ; 1                                            ;
;     -- NUMWORDS_B                         ; 1                                            ;
;     -- ADDRESS_REG_B                      ; CLOCK1                                       ;
;     -- OUTDATA_REG_B                      ; UNREGISTERED                                 ;
;     -- RAM_BLOCK_TYPE                     ; AUTO                                         ;
;     -- READ_DURING_WRITE_MODE_MIXED_PORTS ; DONT_CARE                                    ;
+-------------------------------------------+----------------------------------------------+


+--------------------------------------------------+
; Port Connectivity Checks: "pInPOut:pInPOut_inst" ;
+-------+-------+----------+-----------------------+
; Port  ; Type  ; Severity ; Details               ;
+-------+-------+----------+-----------------------+
; clear ; Input ; Info     ; Stuck at VCC          ;
+-------+-------+----------+-----------------------+


+----------------------------------------------------------------------------------------------------------------+
; Port Connectivity Checks: "alu:alu_inst"                                                                       ;
+------+--------+----------+-------------------------------------------------------------------------------------+
; Port ; Type   ; Severity ; Details                                                                             ;
+------+--------+----------+-------------------------------------------------------------------------------------+
; Cout ; Output ; Info     ; Connected to dangling logic. Logic that only feeds a dangling port will be removed. ;
; ovr  ; Output ; Info     ; Connected to dangling logic. Logic that only feeds a dangling port will be removed. ;
; W    ; Output ; Info     ; Connected to dangling logic. Logic that only feeds a dangling port will be removed. ;
+------+--------+----------+-------------------------------------------------------------------------------------+


+-----------------------------------------+
; Port Connectivity Checks: "pInPOut:IR"  ;
+-------+-------+----------+--------------+
; Port  ; Type  ; Severity ; Details      ;
+-------+-------+----------+--------------+
; clear ; Input ; Info     ; Stuck at VCC ;
+-------+-------+----------+--------------+


+----------------------------------------------+
; Port Connectivity Checks: "BinUp:AddressGen" ;
+------+-------+----------+--------------------+
; Port ; Type  ; Severity ; Details            ;
+------+-------+----------+--------------------+
; load ; Input ; Info     ; Stuck at VCC       ;
; D    ; Input ; Info     ; Stuck at GND       ;
+------+-------+----------+--------------------+


+--------------------------------------------------+
; Port Connectivity Checks: "OnOffToggle:DivideX2" ;
+------+-------+----------+------------------------+
; Port ; Type  ; Severity ; Details                ;
+------+-------+----------+------------------------+
; IN   ; Input ; Info     ; Stuck at VCC           ;
+------+-------+----------+------------------------+


+-----------------------------------------------------+
; Post-Synthesis Netlist Statistics for Top Partition ;
+-----------------------+-----------------------------+
; Type                  ; Count                       ;
+-----------------------+-----------------------------+
; boundary_port         ; 70                          ;
; cycloneiii_ff         ; 41                          ;
;     CLR               ; 32                          ;
;     plain             ; 9                           ;
; cycloneiii_lcell_comb ; 181                         ;
;     normal            ; 181                         ;
;         0 data inputs ; 1                           ;
;         1 data inputs ; 12                          ;
;         2 data inputs ; 30                          ;
;         3 data inputs ; 43                          ;
;         4 data inputs ; 95                          ;
; cycloneiii_ram_block  ; 8                           ;
;                       ;                             ;
; Max LUT depth         ; 6.00                        ;
; Average LUT depth     ; 2.97                        ;
+-----------------------+-----------------------------+


+-------------------------------+
; Elapsed Time Per Partition    ;
+----------------+--------------+
; Partition Name ; Elapsed Time ;
+----------------+--------------+
; Top            ; 00:00:00     ;
+----------------+--------------+


+-------------------------------+
; Analysis & Synthesis Messages ;
+-------------------------------+
Info: *******************************************************************
Info: Running Quartus Prime Analysis & Synthesis
    Info: Version 20.1.1 Build 720 11/11/2020 SJ Lite Edition
    Info: Processing started: Fri Apr 29 15:01:40 2022
Info: Command: quartus_map --read_settings_files=on --write_settings_files=off trisc2 -c trisc2
Warning (18236): Number of processors has not been specified which may cause overloading on shared machines.  Set the global assignment NUM_PARALLEL_PROCESSORS in your QSF to an appropriate value for best performance.
Info (20030): Parallel compilation is enabled and will use 8 of the 8 processors detected
Info (12021): Found 1 design units, including 1 entities, in source file /users/shore/desktop/digitallogicverilog/fabehav/fabehav.v
    Info (12023): Found entity 1: FAbehav File: C:/Users/shore/Desktop/DigitalLogicVerilog/FAbehav/FAbehav.v Line: 1
Info (12021): Found 1 design units, including 1 entities, in source file /users/shore/desktop/digitallogicverilog/twotoone/twotoone.v
    Info (12023): Found entity 1: twoToOne File: C:/Users/shore/Desktop/DigitalLogicVerilog/twoToOne/twoToOne.v Line: 1
Info (12021): Found 1 design units, including 1 entities, in source file /users/shore/desktop/digitallogicverilog/twocompaddsub/twocompaddsub.v
    Info (12023): Found entity 1: twoCompAddSub File: C:/Users/shore/Desktop/DigitalLogicVerilog/twoCompAddSub/twoCompAddSub.v Line: 1
Info (12021): Found 1 design units, including 1 entities, in source file /users/shore/desktop/digitallogicverilog/twocomp/twocomp.v
    Info (12023): Found entity 1: twoComp File: C:/Users/shore/Desktop/DigitalLogicVerilog/twoComp/twoComp.v Line: 1
Info (12021): Found 1 design units, including 1 entities, in source file /users/shore/desktop/digitallogicverilog/accumulator/accumulator.v
    Info (12023): Found entity 1: accumulator File: C:/Users/shore/Desktop/DigitalLogicVerilog/accumulator/accumulator.v Line: 1
Info (12021): Found 1 design units, including 1 entities, in source file /users/shore/desktop/digitallogicverilog/alu/alu.v
    Info (12023): Found entity 1: alu File: C:/Users/shore/Desktop/DigitalLogicVerilog/alu/alu.v Line: 1
Info (12021): Found 1 design units, including 1 entities, in source file /users/shore/desktop/digitallogicverilog/controller/controller.v
    Info (12023): Found entity 1: controller File: C:/Users/shore/Desktop/DigitalLogicVerilog/controller/controller.v Line: 1
Info (12021): Found 1 design units, including 1 entities, in source file /users/shore/desktop/digitallogicverilog/controllertester/controllertester.v
    Info (12023): Found entity 1: controllerTester File: C:/Users/shore/Desktop/DigitalLogicVerilog/controllerTester/controllerTester.v Line: 1
Info (12021): Found 1 design units, including 1 entities, in source file /users/shore/desktop/digitallogicverilog/binarycounter/binarycounter.v
    Info (12023): Found entity 1: binaryCounter File: C:/Users/shore/Desktop/DigitalLogicVerilog/binaryCounter/binaryCounter.v Line: 1
Info (12021): Found 1 design units, including 1 entities, in source file /users/shore/desktop/digitallogicverilog/pinpout/pinpout.v
    Info (12023): Found entity 1: pInPOut File: C:/Users/shore/Desktop/DigitalLogicVerilog/pInPOut/pInPOut.v Line: 1
Info (12021): Found 1 design units, including 1 entities, in source file /users/shore/desktop/digitallogicverilog/instructiondecoder/instructiondecoder.v
    Info (12023): Found entity 1: instructionDecoder File: C:/Users/shore/Desktop/DigitalLogicVerilog/instructionDecoder/instructionDecoder.v Line: 1
Info (12021): Found 1 design units, including 1 entities, in source file /users/shore/desktop/digitallogicverilog/ramtestercode/binary2seven/binary2seven.v
    Info (12023): Found entity 1: binary2seven File: C:/Users/shore/Desktop/DigitalLogicVerilog/RAMtesterCode/binary2seven/binary2seven.v Line: 2
Info (12021): Found 1 design units, including 1 entities, in source file /users/shore/desktop/digitallogicverilog/ramtestercode/binup/binup.v
    Info (12023): Found entity 1: BinUp File: C:/Users/shore/Desktop/DigitalLogicVerilog/RAMtesterCode/BinUp/BinUp.v Line: 2
Info (12021): Found 1 design units, including 1 entities, in source file /users/shore/desktop/digitallogicverilog/ramtestercode/lab11ram/lab11ram.v
    Info (12023): Found entity 1: Lab11RAM File: C:/Users/shore/Desktop/DigitalLogicVerilog/RAMtesterCode/Lab11RAM/Lab11RAM.v Line: 40
Info (12021): Found 1 design units, including 1 entities, in source file /users/shore/desktop/digitallogicverilog/ramtestercode/onofftoggle/onofftoggle.v
    Info (12023): Found entity 1: OnOffToggle File: C:/Users/shore/Desktop/DigitalLogicVerilog/RAMtesterCode/OnOffToggle/OnOffToggle.v Line: 1
Info (12021): Found 1 design units, including 1 entities, in source file trisc2.v
    Info (12023): Found entity 1: trisc2 File: C:/Users/shore/Desktop/DigitalLogicVerilog/trisc2/trisc2.v Line: 1
Critical Warning (10846): Verilog HDL Instantiation warning at twoCompAddSub.v(10): instance has no name File: C:/Users/shore/Desktop/DigitalLogicVerilog/twoCompAddSub/twoCompAddSub.v Line: 10
Critical Warning (10846): Verilog HDL Instantiation warning at twoCompAddSub.v(11): instance has no name File: C:/Users/shore/Desktop/DigitalLogicVerilog/twoCompAddSub/twoCompAddSub.v Line: 11
Critical Warning (10846): Verilog HDL Instantiation warning at twoCompAddSub.v(12): instance has no name File: C:/Users/shore/Desktop/DigitalLogicVerilog/twoCompAddSub/twoCompAddSub.v Line: 12
Critical Warning (10846): Verilog HDL Instantiation warning at twoCompAddSub.v(13): instance has no name File: C:/Users/shore/Desktop/DigitalLogicVerilog/twoCompAddSub/twoCompAddSub.v Line: 13
Critical Warning (10846): Verilog HDL Instantiation warning at accumulator.v(9): instance has no name File: C:/Users/shore/Desktop/DigitalLogicVerilog/accumulator/accumulator.v Line: 9
Critical Warning (10846): Verilog HDL Instantiation warning at accumulator.v(10): instance has no name File: C:/Users/shore/Desktop/DigitalLogicVerilog/accumulator/accumulator.v Line: 10
Critical Warning (10846): Verilog HDL Instantiation warning at alu.v(12): instance has no name File: C:/Users/shore/Desktop/DigitalLogicVerilog/alu/alu.v Line: 12
Critical Warning (10846): Verilog HDL Instantiation warning at alu.v(19): instance has no name File: C:/Users/shore/Desktop/DigitalLogicVerilog/alu/alu.v Line: 19
Critical Warning (10846): Verilog HDL Instantiation warning at controllerTester.v(6): instance has no name File: C:/Users/shore/Desktop/DigitalLogicVerilog/controllerTester/controllerTester.v Line: 6
Critical Warning (10846): Verilog HDL Instantiation warning at controllerTester.v(8): instance has no name File: C:/Users/shore/Desktop/DigitalLogicVerilog/controllerTester/controllerTester.v Line: 8
Critical Warning (10846): Verilog HDL Instantiation warning at trisc2.v(138): instance has no name File: C:/Users/shore/Desktop/DigitalLogicVerilog/trisc2/trisc2.v Line: 138
Critical Warning (10846): Verilog HDL Instantiation warning at trisc2.v(139): instance has no name File: C:/Users/shore/Desktop/DigitalLogicVerilog/trisc2/trisc2.v Line: 139
Critical Warning (10846): Verilog HDL Instantiation warning at trisc2.v(141): instance has no name File: C:/Users/shore/Desktop/DigitalLogicVerilog/trisc2/trisc2.v Line: 141
Critical Warning (10846): Verilog HDL Instantiation warning at trisc2.v(142): instance has no name File: C:/Users/shore/Desktop/DigitalLogicVerilog/trisc2/trisc2.v Line: 142
Critical Warning (10846): Verilog HDL Instantiation warning at trisc2.v(143): instance has no name File: C:/Users/shore/Desktop/DigitalLogicVerilog/trisc2/trisc2.v Line: 143
Critical Warning (10846): Verilog HDL Instantiation warning at trisc2.v(144): instance has no name File: C:/Users/shore/Desktop/DigitalLogicVerilog/trisc2/trisc2.v Line: 144
Info (12127): Elaborating entity "trisc2" for the top level hierarchy
Warning (10036): Verilog HDL or VHDL warning at trisc2.v(50): object "accToAlu" assigned a value but never read File: C:/Users/shore/Desktop/DigitalLogicVerilog/trisc2/trisc2.v Line: 50
Warning (10030): Net "MDI[7..4]" at trisc2.v(14) has no driver or initial value, using a default initial value '0' File: C:/Users/shore/Desktop/DigitalLogicVerilog/trisc2/trisc2.v Line: 14
Info (12128): Elaborating entity "OnOffToggle" for hierarchy "OnOffToggle:DivideX2" File: C:/Users/shore/Desktop/DigitalLogicVerilog/trisc2/trisc2.v Line: 29
Info (12128): Elaborating entity "BinUp" for hierarchy "BinUp:AddressGen" File: C:/Users/shore/Desktop/DigitalLogicVerilog/trisc2/trisc2.v Line: 37
Info (12128): Elaborating entity "Lab11RAM" for hierarchy "Lab11RAM:RAM" File: C:/Users/shore/Desktop/DigitalLogicVerilog/trisc2/trisc2.v Line: 45
Info (12128): Elaborating entity "altsyncram" for hierarchy "Lab11RAM:RAM|altsyncram:altsyncram_component" File: C:/Users/shore/Desktop/DigitalLogicVerilog/RAMtesterCode/Lab11RAM/Lab11RAM.v Line: 86
Info (12130): Elaborated megafunction instantiation "Lab11RAM:RAM|altsyncram:altsyncram_component" File: C:/Users/shore/Desktop/DigitalLogicVerilog/RAMtesterCode/Lab11RAM/Lab11RAM.v Line: 86
Info (12133): Instantiated megafunction "Lab11RAM:RAM|altsyncram:altsyncram_component" with the following parameter: File: C:/Users/shore/Desktop/DigitalLogicVerilog/RAMtesterCode/Lab11RAM/Lab11RAM.v Line: 86
    Info (12134): Parameter "clock_enable_input_a" = "BYPASS"
    Info (12134): Parameter "clock_enable_output_a" = "BYPASS"
    Info (12134): Parameter "intended_device_family" = "MAX 10"
    Info (12134): Parameter "lpm_hint" = "ENABLE_RUNTIME_MOD=NO"
    Info (12134): Parameter "lpm_type" = "altsyncram"
    Info (12134): Parameter "numwords_a" = "16"
    Info (12134): Parameter "operation_mode" = "SINGLE_PORT"
    Info (12134): Parameter "outdata_aclr_a" = "NONE"
    Info (12134): Parameter "outdata_reg_a" = "CLOCK0"
    Info (12134): Parameter "power_up_uninitialized" = "FALSE"
    Info (12134): Parameter "read_during_write_mode_port_a" = "NEW_DATA_NO_NBE_READ"
    Info (12134): Parameter "widthad_a" = "4"
    Info (12134): Parameter "width_a" = "8"
    Info (12134): Parameter "width_byteena_a" = "1"
Info (12021): Found 1 design units, including 1 entities, in source file db/altsyncram_ene1.tdf
    Info (12023): Found entity 1: altsyncram_ene1 File: C:/Users/shore/Desktop/DigitalLogicVerilog/trisc2/db/altsyncram_ene1.tdf Line: 28
Info (12128): Elaborating entity "altsyncram_ene1" for hierarchy "Lab11RAM:RAM|altsyncram:altsyncram_component|altsyncram_ene1:auto_generated" File: c:/intelfpga_lite/20.1/quartus/libraries/megafunctions/altsyncram.tdf Line: 792
Info (12128): Elaborating entity "pInPOut" for hierarchy "pInPOut:IR" File: C:/Users/shore/Desktop/DigitalLogicVerilog/trisc2/trisc2.v Line: 62
Info (12128): Elaborating entity "controllerTester" for hierarchy "controllerTester:controllerTester_inst" File: C:/Users/shore/Desktop/DigitalLogicVerilog/trisc2/trisc2.v Line: 88
Info (12128): Elaborating entity "instructionDecoder" for hierarchy "controllerTester:controllerTester_inst|instructionDecoder:comb_3" File: C:/Users/shore/Desktop/DigitalLogicVerilog/controllerTester/controllerTester.v Line: 6
Warning (10270): Verilog HDL Case Statement warning at instructionDecoder.v(5): incomplete case statement has no default case item File: C:/Users/shore/Desktop/DigitalLogicVerilog/instructionDecoder/instructionDecoder.v Line: 5
Warning (10240): Verilog HDL Always Construct warning at instructionDecoder.v(4): inferring latch(es) for variable "a", which holds its previous value in one or more paths through the always construct File: C:/Users/shore/Desktop/DigitalLogicVerilog/instructionDecoder/instructionDecoder.v Line: 4
Warning (10240): Verilog HDL Always Construct warning at instructionDecoder.v(4): inferring latch(es) for variable "b", which holds its previous value in one or more paths through the always construct File: C:/Users/shore/Desktop/DigitalLogicVerilog/instructionDecoder/instructionDecoder.v Line: 4
Warning (10240): Verilog HDL Always Construct warning at instructionDecoder.v(4): inferring latch(es) for variable "c", which holds its previous value in one or more paths through the always construct File: C:/Users/shore/Desktop/DigitalLogicVerilog/instructionDecoder/instructionDecoder.v Line: 4
Warning (10240): Verilog HDL Always Construct warning at instructionDecoder.v(4): inferring latch(es) for variable "d", which holds its previous value in one or more paths through the always construct File: C:/Users/shore/Desktop/DigitalLogicVerilog/instructionDecoder/instructionDecoder.v Line: 4
Warning (10240): Verilog HDL Always Construct warning at instructionDecoder.v(4): inferring latch(es) for variable "e", which holds its previous value in one or more paths through the always construct File: C:/Users/shore/Desktop/DigitalLogicVerilog/instructionDecoder/instructionDecoder.v Line: 4
Warning (10240): Verilog HDL Always Construct warning at instructionDecoder.v(4): inferring latch(es) for variable "f", which holds its previous value in one or more paths through the always construct File: C:/Users/shore/Desktop/DigitalLogicVerilog/instructionDecoder/instructionDecoder.v Line: 4
Warning (10240): Verilog HDL Always Construct warning at instructionDecoder.v(4): inferring latch(es) for variable "g", which holds its previous value in one or more paths through the always construct File: C:/Users/shore/Desktop/DigitalLogicVerilog/instructionDecoder/instructionDecoder.v Line: 4
Warning (10240): Verilog HDL Always Construct warning at instructionDecoder.v(4): inferring latch(es) for variable "h", which holds its previous value in one or more paths through the always construct File: C:/Users/shore/Desktop/DigitalLogicVerilog/instructionDecoder/instructionDecoder.v Line: 4
Warning (10240): Verilog HDL Always Construct warning at instructionDecoder.v(4): inferring latch(es) for variable "i", which holds its previous value in one or more paths through the always construct File: C:/Users/shore/Desktop/DigitalLogicVerilog/instructionDecoder/instructionDecoder.v Line: 4
Warning (10240): Verilog HDL Always Construct warning at instructionDecoder.v(4): inferring latch(es) for variable "j", which holds its previous value in one or more paths through the always construct File: C:/Users/shore/Desktop/DigitalLogicVerilog/instructionDecoder/instructionDecoder.v Line: 4
Warning (10240): Verilog HDL Always Construct warning at instructionDecoder.v(4): inferring latch(es) for variable "k", which holds its previous value in one or more paths through the always construct File: C:/Users/shore/Desktop/DigitalLogicVerilog/instructionDecoder/instructionDecoder.v Line: 4
Info (10041): Inferred latch for "k" at instructionDecoder.v(4) File: C:/Users/shore/Desktop/DigitalLogicVerilog/instructionDecoder/instructionDecoder.v Line: 4
Info (10041): Inferred latch for "j" at instructionDecoder.v(4) File: C:/Users/shore/Desktop/DigitalLogicVerilog/instructionDecoder/instructionDecoder.v Line: 4
Info (10041): Inferred latch for "i" at instructionDecoder.v(4) File: C:/Users/shore/Desktop/DigitalLogicVerilog/instructionDecoder/instructionDecoder.v Line: 4
Info (10041): Inferred latch for "h" at instructionDecoder.v(4) File: C:/Users/shore/Desktop/DigitalLogicVerilog/instructionDecoder/instructionDecoder.v Line: 4
Info (10041): Inferred latch for "g" at instructionDecoder.v(4) File: C:/Users/shore/Desktop/DigitalLogicVerilog/instructionDecoder/instructionDecoder.v Line: 4
Info (10041): Inferred latch for "f" at instructionDecoder.v(4) File: C:/Users/shore/Desktop/DigitalLogicVerilog/instructionDecoder/instructionDecoder.v Line: 4
Info (10041): Inferred latch for "e" at instructionDecoder.v(4) File: C:/Users/shore/Desktop/DigitalLogicVerilog/instructionDecoder/instructionDecoder.v Line: 4
Info (10041): Inferred latch for "d" at instructionDecoder.v(4) File: C:/Users/shore/Desktop/DigitalLogicVerilog/instructionDecoder/instructionDecoder.v Line: 4
Info (10041): Inferred latch for "c" at instructionDecoder.v(4) File: C:/Users/shore/Desktop/DigitalLogicVerilog/instructionDecoder/instructionDecoder.v Line: 4
Info (10041): Inferred latch for "b" at instructionDecoder.v(4) File: C:/Users/shore/Desktop/DigitalLogicVerilog/instructionDecoder/instructionDecoder.v Line: 4
Info (10041): Inferred latch for "a" at instructionDecoder.v(4) File: C:/Users/shore/Desktop/DigitalLogicVerilog/instructionDecoder/instructionDecoder.v Line: 4
Info (12128): Elaborating entity "controller" for hierarchy "controllerTester:controllerTester_inst|controller:comb_4" File: C:/Users/shore/Desktop/DigitalLogicVerilog/controllerTester/controllerTester.v Line: 8
Warning (10240): Verilog HDL Always Construct warning at controller.v(15): inferring latch(es) for variable "nextstate", which holds its previous value in one or more paths through the always construct File: C:/Users/shore/Desktop/DigitalLogicVerilog/controller/controller.v Line: 15
Info (10041): Inferred latch for "nextstate.T" at controller.v(15) File: C:/Users/shore/Desktop/DigitalLogicVerilog/controller/controller.v Line: 15
Info (10041): Inferred latch for "nextstate.S" at controller.v(15) File: C:/Users/shore/Desktop/DigitalLogicVerilog/controller/controller.v Line: 15
Info (10041): Inferred latch for "nextstate.R" at controller.v(15) File: C:/Users/shore/Desktop/DigitalLogicVerilog/controller/controller.v Line: 15
Info (10041): Inferred latch for "nextstate.Q" at controller.v(15) File: C:/Users/shore/Desktop/DigitalLogicVerilog/controller/controller.v Line: 15
Info (10041): Inferred latch for "nextstate.P" at controller.v(15) File: C:/Users/shore/Desktop/DigitalLogicVerilog/controller/controller.v Line: 15
Info (10041): Inferred latch for "nextstate.O" at controller.v(15) File: C:/Users/shore/Desktop/DigitalLogicVerilog/controller/controller.v Line: 15
Info (10041): Inferred latch for "nextstate.N" at controller.v(15) File: C:/Users/shore/Desktop/DigitalLogicVerilog/controller/controller.v Line: 15
Info (10041): Inferred latch for "nextstate.M" at controller.v(15) File: C:/Users/shore/Desktop/DigitalLogicVerilog/controller/controller.v Line: 15
Info (10041): Inferred latch for "nextstate.L" at controller.v(15) File: C:/Users/shore/Desktop/DigitalLogicVerilog/controller/controller.v Line: 15
Info (10041): Inferred latch for "nextstate.K" at controller.v(15) File: C:/Users/shore/Desktop/DigitalLogicVerilog/controller/controller.v Line: 15
Info (10041): Inferred latch for "nextstate.J" at controller.v(15) File: C:/Users/shore/Desktop/DigitalLogicVerilog/controller/controller.v Line: 15
Info (10041): Inferred latch for "nextstate.I" at controller.v(15) File: C:/Users/shore/Desktop/DigitalLogicVerilog/controller/controller.v Line: 15
Info (10041): Inferred latch for "nextstate.H" at controller.v(15) File: C:/Users/shore/Desktop/DigitalLogicVerilog/controller/controller.v Line: 15
Info (10041): Inferred latch for "nextstate.G" at controller.v(15) File: C:/Users/shore/Desktop/DigitalLogicVerilog/controller/controller.v Line: 15
Info (10041): Inferred latch for "nextstate.F" at controller.v(15) File: C:/Users/shore/Desktop/DigitalLogicVerilog/controller/controller.v Line: 15
Info (10041): Inferred latch for "nextstate.E" at controller.v(15) File: C:/Users/shore/Desktop/DigitalLogicVerilog/controller/controller.v Line: 15
Info (10041): Inferred latch for "nextstate.D" at controller.v(15) File: C:/Users/shore/Desktop/DigitalLogicVerilog/controller/controller.v Line: 15
Info (10041): Inferred latch for "nextstate.C" at controller.v(15) File: C:/Users/shore/Desktop/DigitalLogicVerilog/controller/controller.v Line: 15
Info (10041): Inferred latch for "nextstate.B" at controller.v(15) File: C:/Users/shore/Desktop/DigitalLogicVerilog/controller/controller.v Line: 15
Info (12128): Elaborating entity "alu" for hierarchy "alu:alu_inst" File: C:/Users/shore/Desktop/DigitalLogicVerilog/trisc2/trisc2.v Line: 100
Warning (10230): Verilog HDL assignment warning at alu.v(15): truncated value with size 32 to match size of target (1) File: C:/Users/shore/Desktop/DigitalLogicVerilog/alu/alu.v Line: 15
Warning (10230): Verilog HDL assignment warning at alu.v(16): truncated value with size 32 to match size of target (1) File: C:/Users/shore/Desktop/DigitalLogicVerilog/alu/alu.v Line: 16
Info (12128): Elaborating entity "twoCompAddSub" for hierarchy "alu:alu_inst|twoCompAddSub:comb_3" File: C:/Users/shore/Desktop/DigitalLogicVerilog/alu/alu.v Line: 12
Info (12128): Elaborating entity "FAbehav" for hierarchy "alu:alu_inst|twoCompAddSub:comb_3|FAbehav:comb_4" File: C:/Users/shore/Desktop/DigitalLogicVerilog/twoCompAddSub/twoCompAddSub.v Line: 10
Info (12128): Elaborating entity "twoComp" for hierarchy "alu:alu_inst|twoComp:comb_26" File: C:/Users/shore/Desktop/DigitalLogicVerilog/alu/alu.v Line: 19
Info (12128): Elaborating entity "accumulator" for hierarchy "accumulator:accumulator_inst" File: C:/Users/shore/Desktop/DigitalLogicVerilog/trisc2/trisc2.v Line: 111
Info (12128): Elaborating entity "twoToOne" for hierarchy "accumulator:accumulator_inst|twoToOne:comb_3" File: C:/Users/shore/Desktop/DigitalLogicVerilog/accumulator/accumulator.v Line: 9
Info (12128): Elaborating entity "binaryCounter" for hierarchy "accumulator:accumulator_inst|binaryCounter:comb_4" File: C:/Users/shore/Desktop/DigitalLogicVerilog/accumulator/accumulator.v Line: 10
Warning (10230): Verilog HDL assignment warning at binaryCounter.v(13): truncated value with size 32 to match size of target (4) File: C:/Users/shore/Desktop/DigitalLogicVerilog/binaryCounter/binaryCounter.v Line: 13
Info (12128): Elaborating entity "binary2seven" for hierarchy "binary2seven:comb_42" File: C:/Users/shore/Desktop/DigitalLogicVerilog/trisc2/trisc2.v Line: 138
Warning (19016): Clock multiplexers are found and protected
    Warning (19017): Found clock multiplexer RAMin File: C:/Users/shore/Desktop/DigitalLogicVerilog/trisc2/trisc2.v Line: 11
Warning (13012): Latch controllerTester:controllerTester_inst|instructionDecoder:comb_3|h has unsafe behavior File: C:/Users/shore/Desktop/DigitalLogicVerilog/instructionDecoder/instructionDecoder.v Line: 3
    Warning (13013): Ports D and ENA on the latch are fed by the same signal pInPOut:IR|Q[0] File: C:/Users/shore/Desktop/DigitalLogicVerilog/pInPOut/pInPOut.v Line: 10
Warning (13012): Latch controllerTester:controllerTester_inst|instructionDecoder:comb_3|g has unsafe behavior File: C:/Users/shore/Desktop/DigitalLogicVerilog/instructionDecoder/instructionDecoder.v Line: 3
    Warning (13013): Ports D and ENA on the latch are fed by the same signal pInPOut:IR|Q[0] File: C:/Users/shore/Desktop/DigitalLogicVerilog/pInPOut/pInPOut.v Line: 10
Warning (13012): Latch controllerTester:controllerTester_inst|instructionDecoder:comb_3|f has unsafe behavior File: C:/Users/shore/Desktop/DigitalLogicVerilog/instructionDecoder/instructionDecoder.v Line: 3
    Warning (13013): Ports D and ENA on the latch are fed by the same signal pInPOut:IR|Q[0] File: C:/Users/shore/Desktop/DigitalLogicVerilog/pInPOut/pInPOut.v Line: 10
Warning (13012): Latch controllerTester:controllerTester_inst|instructionDecoder:comb_3|c has unsafe behavior File: C:/Users/shore/Desktop/DigitalLogicVerilog/instructionDecoder/instructionDecoder.v Line: 3
    Warning (13013): Ports D and ENA on the latch are fed by the same signal pInPOut:IR|Q[0] File: C:/Users/shore/Desktop/DigitalLogicVerilog/pInPOut/pInPOut.v Line: 10
Warning (13012): Latch controllerTester:controllerTester_inst|instructionDecoder:comb_3|b has unsafe behavior File: C:/Users/shore/Desktop/DigitalLogicVerilog/instructionDecoder/instructionDecoder.v Line: 3
    Warning (13013): Ports D and ENA on the latch are fed by the same signal pInPOut:IR|Q[0] File: C:/Users/shore/Desktop/DigitalLogicVerilog/pInPOut/pInPOut.v Line: 10
Warning (13012): Latch controllerTester:controllerTester_inst|instructionDecoder:comb_3|a has unsafe behavior File: C:/Users/shore/Desktop/DigitalLogicVerilog/instructionDecoder/instructionDecoder.v Line: 3
    Warning (13013): Ports D and ENA on the latch are fed by the same signal pInPOut:IR|Q[0] File: C:/Users/shore/Desktop/DigitalLogicVerilog/pInPOut/pInPOut.v Line: 10
Warning (13004): Presettable and clearable registers converted to equivalent circuits with latches. Registers power-up to an undefined state, and DEVCLRn places the registers in an undefined state.
    Warning (13310): Register "binaryCounter:binaryCounter_inst|Q[0]" is converted into an equivalent circuit using register "binaryCounter:binaryCounter_inst|Q[0]~_emulated" and latch "binaryCounter:binaryCounter_inst|Q[0]~1" File: C:/Users/shore/Desktop/DigitalLogicVerilog/binaryCounter/binaryCounter.v Line: 13
    Warning (13310): Register "binaryCounter:binaryCounter_inst|Q[1]" is converted into an equivalent circuit using register "binaryCounter:binaryCounter_inst|Q[1]~_emulated" and latch "binaryCounter:binaryCounter_inst|Q[1]~6" File: C:/Users/shore/Desktop/DigitalLogicVerilog/binaryCounter/binaryCounter.v Line: 13
    Warning (13310): Register "binaryCounter:binaryCounter_inst|Q[2]" is converted into an equivalent circuit using register "binaryCounter:binaryCounter_inst|Q[2]~_emulated" and latch "binaryCounter:binaryCounter_inst|Q[2]~11" File: C:/Users/shore/Desktop/DigitalLogicVerilog/binaryCounter/binaryCounter.v Line: 13
    Warning (13310): Register "binaryCounter:binaryCounter_inst|Q[3]" is converted into an equivalent circuit using register "binaryCounter:binaryCounter_inst|Q[3]~_emulated" and latch "binaryCounter:binaryCounter_inst|Q[3]~16" File: C:/Users/shore/Desktop/DigitalLogicVerilog/binaryCounter/binaryCounter.v Line: 13
    Warning (13310): Register "accumulator:accumulator_inst|binaryCounter:comb_4|Q[0]" is converted into an equivalent circuit using register "accumulator:accumulator_inst|binaryCounter:comb_4|Q[0]~_emulated" and latch "accumulator:accumulator_inst|binaryCounter:comb_4|Q[0]~1" File: C:/Users/shore/Desktop/DigitalLogicVerilog/binaryCounter/binaryCounter.v Line: 13
    Warning (13310): Register "accumulator:accumulator_inst|binaryCounter:comb_4|Q[1]" is converted into an equivalent circuit using register "accumulator:accumulator_inst|binaryCounter:comb_4|Q[1]~_emulated" and latch "accumulator:accumulator_inst|binaryCounter:comb_4|Q[1]~6" File: C:/Users/shore/Desktop/DigitalLogicVerilog/binaryCounter/binaryCounter.v Line: 13
    Warning (13310): Register "accumulator:accumulator_inst|binaryCounter:comb_4|Q[2]" is converted into an equivalent circuit using register "accumulator:accumulator_inst|binaryCounter:comb_4|Q[2]~_emulated" and latch "accumulator:accumulator_inst|binaryCounter:comb_4|Q[2]~11" File: C:/Users/shore/Desktop/DigitalLogicVerilog/binaryCounter/binaryCounter.v Line: 13
    Warning (13310): Register "accumulator:accumulator_inst|binaryCounter:comb_4|Q[3]" is converted into an equivalent circuit using register "accumulator:accumulator_inst|binaryCounter:comb_4|Q[3]~_emulated" and latch "accumulator:accumulator_inst|binaryCounter:comb_4|Q[3]~16" File: C:/Users/shore/Desktop/DigitalLogicVerilog/binaryCounter/binaryCounter.v Line: 13
Warning (13024): Output pins are stuck at VCC or GND
    Warning (13410): Pin "c12" is stuck at GND File: C:/Users/shore/Desktop/DigitalLogicVerilog/trisc2/trisc2.v Line: 7
    Warning (13410): Pin "c13" is stuck at GND File: C:/Users/shore/Desktop/DigitalLogicVerilog/trisc2/trisc2.v Line: 7
Info (286030): Timing-Driven Synthesis is running
Info (17049): 5 registers lost all their fanouts during netlist optimizations.
Info (17016): Found the following redundant logic cells in design
    Info (17048): Logic cell "OnOffToggle:DivideX2|Mult0" File: C:/Users/shore/Desktop/DigitalLogicVerilog/RAMtesterCode/OnOffToggle/OnOffToggle.v Line: 15
Info (144001): Generated suppressed messages file C:/Users/shore/Desktop/DigitalLogicVerilog/trisc2/output_files/trisc2.map.smsg
Info (16010): Generating hard_block partition "hard_block:auto_generated_inst"
    Info (16011): Adding 0 node(s), including 0 DDIO, 0 PLL, 0 transceiver and 0 LCELL
Info (21057): Implemented 273 device resources after synthesis - the final resource count might be different
    Info (21058): Implemented 14 input pins
    Info (21059): Implemented 56 output pins
    Info (21061): Implemented 195 logic cells
    Info (21064): Implemented 8 RAM segments
Info: Quartus Prime Analysis & Synthesis was successful. 0 errors, 61 warnings
    Info: Peak virtual memory: 4808 megabytes
    Info: Processing ended: Fri Apr 29 15:01:53 2022
    Info: Elapsed time: 00:00:13
    Info: Total CPU time (on all processors): 00:00:29


+------------------------------------------+
; Analysis & Synthesis Suppressed Messages ;
+------------------------------------------+
The suppressed messages can be found in C:/Users/shore/Desktop/DigitalLogicVerilog/trisc2/output_files/trisc2.map.smsg.


